<?xml version="1.0" encoding="utf-8"?><testsuites name="pytest tests"><testsuite name="pytest" errors="0" failures="0" skipped="4" tests="8" time="1.956" timestamp="2026-09-18T02:08:13.161055+00:00" hostname="agent-env-302d42b6-c702-4373-86a0-9317c7a8e8ed"><testcase classname="tests.test_iter4_moderation_retry.TestPrimaryRetry" name="test_01_pre_state_line_is_failed" time="0.218"><skipped type="pytest.skip" message="Line is already READY from a previous successful retry — skipping paid re-run.">/app/backend/tests/test_iter4_moderation_retry.py:78: Line is already READY from a previous successful retry — skipping paid re-run.</skipped></testcase><testcase classname="tests.test_iter4_moderation_retry.TestPrimaryRetry" name="test_02_post_shot_returns_queued_or_processing" time="0.000"><skipped type="pytest.skip" message="Already verified in prior run (line is READY).">/app/backend/tests/test_iter4_moderation_retry.py:84: Already verified in prior run (line is READY).</skipped></testcase><testcase classname="tests.test_iter4_moderation_retry.TestPrimaryRetry" name="test_03_db_closeup_and_lipsync_records_refreshed" time="0.000"><skipped type="pytest.skip" message="Already verified in prior run.">/app/backend/tests/test_iter4_moderation_retry.py:109: Already verified in prior run.</skipped></testcase><testcase classname="tests.test_iter4_moderation_retry.TestPrimaryRetry" name="test_04_poll_progresses_past_content_policy" time="0.000"><skipped type="pytest.skip" message="Already verified in prior run.">/app/backend/tests/test_iter4_moderation_retry.py:134: Already verified in prior run.</skipped></testcase><testcase classname="tests.test_iter4_moderation_retry.TestPrimaryRetry" name="test_05_poll_to_ready_end_to_end" time="0.000" /><testcase classname="tests.test_iter4_moderation_retry.TestPollErrorRouting" name="test_moderation_error_maps_to_content_policy_message" time="0.000" /><testcase classname="tests.test_iter4_moderation_retry.TestPollErrorRouting" name="test_generic_error_maps_to_generic_message" time="0.000" /><testcase classname="tests.test_iter4_moderation_retry.TestStartTransientRetry" name="test_retries_on_502_then_succeeds" time="0.000" /></testsuite></testsuites>