<?xml version="1.0" encoding="utf-8"?><testsuites name="pytest tests"><testsuite name="pytest" errors="0" failures="0" skipped="0" tests="10" time="2.620" timestamp="2026-09-18T02:24:36.284329+00:00" hostname="agent-env-302d42b6-c702-4373-86a0-9317c7a8e8ed"><testcase classname="backend.tests.test_iter5_voice_lock" name="test_deterministic_and_distinct" time="0.001" /><testcase classname="backend.tests.test_iter5_voice_lock" name="test_gender_appropriate" time="0.000" /><testcase classname="backend.tests.test_iter5_voice_lock" name="test_order_and_race_independent" time="0.000" /><testcase classname="backend.tests.test_iter5_voice_lock" name="test_normalize_dedupes_to_one_voice_latest_wins" time="0.000" /><testcase classname="backend.tests.test_iter5_voice_api" name="test_voices_pool_non_empty" time="0.184" /><testcase classname="backend.tests.test_iter5_voice_api" name="test_voices_auto_locks_expected_mapping" time="0.080" /><testcase classname="backend.tests.test_iter5_voice_api" name="test_voices_auto_idempotent" time="0.222" /><testcase classname="backend.tests.test_iter5_voice_api" name="test_no_character_has_two_voices" time="0.069" /><testcase classname="backend.tests.test_iter5_voice_api" name="test_data_repair_scene1_line2_shot_removed" time="0.067" /><testcase classname="backend.tests.test_iter5_voice_api" name="test_remaining_lines_map_to_locked_voice" time="0.070" /></testsuite></testsuites>