<?xml version="1.0" encoding="utf-8"?><testsuites name="pytest tests"><testsuite name="pytest" errors="0" failures="0" skipped="0" tests="4" time="1.910" timestamp="2026-09-18T02:23:29.493591+00:00" hostname="agent-env-302d42b6-c702-4373-86a0-9317c7a8e8ed"><testcase classname="backend.tests.test_iter5_voice_lock" name="test_deterministic_and_distinct" time="0.001" /><testcase classname="backend.tests.test_iter5_voice_lock" name="test_gender_appropriate" time="0.000" /><testcase classname="backend.tests.test_iter5_voice_lock" name="test_order_and_race_independent" time="0.000" /><testcase classname="backend.tests.test_iter5_voice_lock" name="test_normalize_dedupes_to_one_voice_latest_wins" time="0.000" /></testsuite></testsuites>