<?xml version="1.0" encoding="utf-8"?><testsuites name="pytest tests"><testsuite name="pytest" errors="0" failures="0" skipped="0" tests="24" time="194.239" timestamp="2026-09-18T00:20:45.050022+00:00" hostname="agent-env-302d42b6-c702-4373-86a0-9317c7a8e8ed"><testcase classname="backend.tests.test_frame_studio_phase2" name="test_login_existing_user" time="3.049" /><testcase classname="backend.tests.test_frame_studio_phase2" name="test_login_wrong_password" time="0.344" /><testcase classname="backend.tests.test_frame_studio_phase2" name="test_me_with_token" time="0.167" /><testcase classname="backend.tests.test_frame_studio_phase2" name="test_signup_second_user_for_isolation" time="0.379" /><testcase classname="backend.tests.test_frame_studio_phase2" name="test_create_series_with_total_episodes" time="0.177" /><testcase classname="backend.tests.test_frame_studio_phase2" name="test_list_series_owner_isolation" time="0.284" /><testcase classname="backend.tests.test_frame_studio_phase2" name="test_get_one_series" time="0.174" /><testcase classname="backend.tests.test_frame_studio_phase2" name="test_cross_user_series_returns_404" time="0.154" /><testcase classname="backend.tests.test_frame_studio_phase2" name="test_episode2_locked_returns_403" time="0.286" /><testcase classname="backend.tests.test_frame_studio_phase2" name="test_episode_out_of_range_returns_404" time="0.168" /><testcase classname="backend.tests.test_frame_studio_phase2" name="test_episode1_synopsis" time="6.828" /><testcase classname="backend.tests.test_frame_studio_phase2" name="test_episode1_script" time="20.836" /><testcase classname="backend.tests.test_frame_studio_phase2" name="test_all_character_images_generate_no_html_error" time="25.093" /><testcase classname="backend.tests.test_frame_studio_phase2" name="test_char_image_is_actually_served" time="0.407" /><testcase classname="backend.tests.test_frame_studio_phase2" name="test_all_storyboards_generate" time="41.649" /><testcase classname="backend.tests.test_frame_studio_phase2" name="test_voices_list" time="0.349" /><testcase classname="backend.tests.test_frame_studio_phase2" name="test_auto_assign_voices_distinct" time="0.165" /><testcase classname="backend.tests.test_frame_studio_phase2" name="test_change_voice" time="0.161" /><testcase classname="backend.tests.test_frame_studio_phase2" name="test_motion_start_one_scene" time="0.620" /><testcase classname="backend.tests.test_frame_studio_phase2" name="test_motion_poll_once" time="0.360" /><testcase classname="backend.tests.test_frame_studio_phase2" name="test_motion_wait_for_ready_for_lipsync" time="90.343" /><testcase classname="backend.tests.test_frame_studio_phase2" name="test_lipsync_start_one_line" time="1.720" /><testcase classname="backend.tests.test_frame_studio_phase2" name="test_featured_public" time="0.148" /><testcase classname="backend.tests.test_frame_studio_phase2" name="test_soft_delete_series" time="0.299" /></testsuite></testsuites>