<?xml version="1.0" encoding="utf-8"?><testsuites name="pytest tests"><testsuite name="pytest" errors="0" failures="0" skipped="0" tests="18" time="60.840" timestamp="2026-09-17T22:45:52.334642+00:00" hostname="agent-env-302d42b6-c702-4373-86a0-9317c7a8e8ed"><testcase classname="tests.test_frame_studio" name="test_health" time="0.300" /><testcase classname="tests.test_frame_studio" name="test_login_existing_user" time="0.403" /><testcase classname="tests.test_frame_studio" name="test_login_wrong_password" time="0.409" /><testcase classname="tests.test_frame_studio" name="test_me_valid_token" time="0.169" /><testcase classname="tests.test_frame_studio" name="test_me_invalid_token" time="0.151" /><testcase classname="tests.test_frame_studio" name="test_signup_new_user_and_duplicate" time="0.470" /><testcase classname="tests.test_frame_studio" name="test_create_project" time="0.156" /><testcase classname="tests.test_frame_studio" name="test_list_projects_only_owner" time="0.265" /><testcase classname="tests.test_frame_studio" name="test_cross_user_project_access_returns_404" time="0.116" /><testcase classname="tests.test_frame_studio" name="test_pipeline_synopsis" time="5.057" /><testcase classname="tests.test_frame_studio" name="test_pipeline_script" time="32.545" /><testcase classname="tests.test_frame_studio" name="test_pipeline_character_image_and_media_serving" time="9.513" /><testcase classname="tests.test_frame_studio" name="test_media_wrong_token_forbidden" time="0.368" /><testcase classname="tests.test_frame_studio" name="test_pipeline_storyboard" time="9.660" /><testcase classname="tests.test_frame_studio" name="test_featured" time="0.182" /><testcase classname="tests.test_frame_studio" name="test_video_no_storyboard_returns_400" time="0.308" /><testcase classname="tests.test_frame_studio" name="test_video_start_returns_queued_with_prediction_id" time="0.395" /><testcase classname="tests.test_frame_studio" name="test_soft_delete_project" time="0.302" /></testsuite></testsuites>